{"/Users/fredlymarvander/Documents/Hacktiv8/Phase 2/Week 3/IP-RMT63/server/app.js": {"path":"/Users/fredlymarvander/Documents/Hacktiv8/Phase 2/Week 3/IP-RMT63/server/app.js","statementMap":{"0":{"start":{"line":1,"column":0},"end":{"line":3,"column":1}},"1":{"start":{"line":2,"column":2},"end":{"line":2,"column":29}},"2":{"start":{"line":4,"column":19},"end":{"line":4,"column":46}},"3":{"start":{"line":6,"column":16},"end":{"line":6,"column":34}},"4":{"start":{"line":7,"column":13},"end":{"line":7,"column":28}},"5":{"start":{"line":8,"column":14},"end":{"line":9,"column":67}},"6":{"start":{"line":9,"column":2},"end":{"line":9,"column":67}},"7":{"start":{"line":9,"column":52},"end":{"line":9,"column":66}},"8":{"start":{"line":10,"column":19},"end":{"line":10,"column":41}},"9":{"start":{"line":11,"column":23},"end":{"line":11,"column":62}},"10":{"start":{"line":12,"column":23},"end":{"line":12,"column":62}},"11":{"start":{"line":13,"column":24},"end":{"line":13,"column":64}},"12":{"start":{"line":14,"column":27},"end":{"line":14,"column":70}},"13":{"start":{"line":16,"column":12},"end":{"line":16,"column":21}},"14":{"start":{"line":18,"column":0},"end":{"line":18,"column":49}},"15":{"start":{"line":19,"column":0},"end":{"line":19,"column":24}},"16":{"start":{"line":20,"column":0},"end":{"line":20,"column":16}},"17":{"start":{"line":21,"column":0},"end":{"line":21,"column":27}},"18":{"start":{"line":23,"column":0},"end":{"line":23,"column":47}},"19":{"start":{"line":24,"column":0},"end":{"line":24,"column":41}},"20":{"start":{"line":26,"column":0},"end":{"line":26,"column":54}},"21":{"start":{"line":28,"column":0},"end":{"line":52,"column":3}},"22":{"start":{"line":29,"column":2},"end":{"line":29,"column":30}},"23":{"start":{"line":32,"column":4},"end":{"line":37,"column":18}},"24":{"start":{"line":39,"column":2},"end":{"line":51,"column":7}},"25":{"start":{"line":46,"column":6},"end":{"line":46,"column":29}},"26":{"start":{"line":49,"column":6},"end":{"line":49,"column":24}},"27":{"start":{"line":50,"column":6},"end":{"line":50,"column":21}},"28":{"start":{"line":54,"column":0},"end":{"line":70,"column":3}},"29":{"start":{"line":55,"column":2},"end":{"line":55,"column":27}},"30":{"start":{"line":56,"column":2},"end":{"line":69,"column":7}},"31":{"start":{"line":64,"column":6},"end":{"line":64,"column":29}},"32":{"start":{"line":67,"column":6},"end":{"line":67,"column":24}},"33":{"start":{"line":68,"column":6},"end":{"line":68,"column":21}},"34":{"start":{"line":72,"column":0},"end":{"line":72,"column":24}},"35":{"start":{"line":74,"column":0},"end":{"line":74,"column":51}},"36":{"start":{"line":75,"column":0},"end":{"line":75,"column":65}},"37":{"start":{"line":76,"column":0},"end":{"line":76,"column":46}},"38":{"start":{"line":77,"column":0},"end":{"line":77,"column":61}},"39":{"start":{"line":78,"column":0},"end":{"line":78,"column":61}},"40":{"start":{"line":79,"column":0},"end":{"line":79,"column":53}},"41":{"start":{"line":80,"column":0},"end":{"line":80,"column":69}},"42":{"start":{"line":81,"column":0},"end":{"line":81,"column":77}},"43":{"start":{"line":83,"column":0},"end":{"line":83,"column":21}}},"fnMap":{"0":{"name":"(anonymous_0)","decl":{"start":{"line":8,"column":14},"end":{"line":8,"column":15}},"loc":{"start":{"line":9,"column":2},"end":{"line":9,"column":67}},"line":9},"1":{"name":"(anonymous_1)","decl":{"start":{"line":9,"column":28},"end":{"line":9,"column":29}},"loc":{"start":{"line":9,"column":52},"end":{"line":9,"column":66}},"line":9},"2":{"name":"(anonymous_2)","decl":{"start":{"line":28,"column":27},"end":{"line":28,"column":28}},"loc":{"start":{"line":28,"column":53},"end":{"line":52,"column":1}},"line":28},"3":{"name":"(anonymous_3)","decl":{"start":{"line":45,"column":10},"end":{"line":45,"column":11}},"loc":{"start":{"line":45,"column":24},"end":{"line":47,"column":5}},"line":45},"4":{"name":"(anonymous_4)","decl":{"start":{"line":48,"column":10},"end":{"line":48,"column":11}},"loc":{"start":{"line":48,"column":20},"end":{"line":51,"column":5}},"line":48},"5":{"name":"(anonymous_5)","decl":{"start":{"line":54,"column":24},"end":{"line":54,"column":25}},"loc":{"start":{"line":54,"column":50},"end":{"line":70,"column":1}},"line":54},"6":{"name":"(anonymous_6)","decl":{"start":{"line":63,"column":10},"end":{"line":63,"column":11}},"loc":{"start":{"line":63,"column":24},"end":{"line":65,"column":5}},"line":63},"7":{"name":"(anonymous_7)","decl":{"start":{"line":66,"column":10},"end":{"line":66,"column":11}},"loc":{"start":{"line":66,"column":20},"end":{"line":69,"column":5}},"line":66}},"branchMap":{"0":{"loc":{"start":{"line":1,"column":0},"end":{"line":3,"column":1}},"type":"if","locations":[{"start":{"line":1,"column":0},"end":{"line":3,"column":1}},{"start":{},"end":{}}],"line":1}},"s":{"0":1,"1":1,"2":1,"3":1,"4":1,"5":1,"6":0,"7":0,"8":1,"9":1,"10":1,"11":1,"12":1,"13":1,"14":1,"15":1,"16":1,"17":1,"18":1,"19":1,"20":1,"21":1,"22":0,"23":0,"24":0,"25":0,"26":0,"27":0,"28":1,"29":0,"30":0,"31":0,"32":0,"33":0,"34":1,"35":1,"36":1,"37":1,"38":1,"39":1,"40":1,"41":1,"42":1,"43":1},"f":{"0":0,"1":0,"2":0,"3":0,"4":0,"5":0,"6":0,"7":0},"b":{"0":[1,0]},"_coverageSchema":"1a1c01bbd47fc00a2c39e90264f33305004495a9","hash":"0dfa0990711c2d7a11151dcde71410b555886d30"}
,"/Users/fredlymarvander/Documents/Hacktiv8/Phase 2/Week 3/IP-RMT63/server/controllers/favoriteController.js": {"path":"/Users/fredlymarvander/Documents/Hacktiv8/Phase 2/Week 3/IP-RMT63/server/controllers/favoriteController.js","statementMap":{"0":{"start":{"line":1,"column":28},"end":{"line":1,"column":54}},"1":{"start":{"line":3,"column":0},"end":{"line":92,"column":2}},"2":{"start":{"line":5,"column":4},"end":{"line":14,"column":5}},"3":{"start":{"line":6,"column":24},"end":{"line":9,"column":8}},"4":{"start":{"line":11,"column":6},"end":{"line":11,"column":38}},"5":{"start":{"line":13,"column":6},"end":{"line":13,"column":65}},"6":{"start":{"line":18,"column":4},"end":{"line":46,"column":5}},"7":{"start":{"line":19,"column":26},"end":{"line":19,"column":34}},"8":{"start":{"line":20,"column":17},"end":{"line":20,"column":46}},"9":{"start":{"line":21,"column":17},"end":{"line":26,"column":8}},"10":{"start":{"line":28,"column":6},"end":{"line":32,"column":7}},"11":{"start":{"line":29,"column":8},"end":{"line":31,"column":11}},"12":{"start":{"line":34,"column":6},"end":{"line":36,"column":7}},"13":{"start":{"line":35,"column":8},"end":{"line":35,"column":68}},"14":{"start":{"line":38,"column":6},"end":{"line":41,"column":9}},"15":{"start":{"line":43,"column":6},"end":{"line":43,"column":67}},"16":{"start":{"line":45,"column":6},"end":{"line":45,"column":65}},"17":{"start":{"line":50,"column":4},"end":{"line":69,"column":5}},"18":{"start":{"line":51,"column":26},"end":{"line":51,"column":36}},"19":{"start":{"line":52,"column":24},"end":{"line":52,"column":32}},"20":{"start":{"line":53,"column":23},"end":{"line":58,"column":8}},"21":{"start":{"line":60,"column":6},"end":{"line":62,"column":7}},"22":{"start":{"line":61,"column":8},"end":{"line":61,"column":71}},"23":{"start":{"line":64,"column":6},"end":{"line":64,"column":39}},"24":{"start":{"line":66,"column":6},"end":{"line":66,"column":69}},"25":{"start":{"line":68,"column":6},"end":{"line":68,"column":65}},"26":{"start":{"line":73,"column":4},"end":{"line":90,"column":5}},"27":{"start":{"line":74,"column":26},"end":{"line":74,"column":36}},"28":{"start":{"line":75,"column":23},"end":{"line":80,"column":8}},"29":{"start":{"line":82,"column":6},"end":{"line":84,"column":7}},"30":{"start":{"line":83,"column":8},"end":{"line":83,"column":71}},"31":{"start":{"line":86,"column":6},"end":{"line":86,"column":31}},"32":{"start":{"line":87,"column":6},"end":{"line":87,"column":71}},"33":{"start":{"line":89,"column":6},"end":{"line":89,"column":65}}},"fnMap":{"0":{"name":"(anonymous_0)","decl":{"start":{"line":4,"column":2},"end":{"line":4,"column":3}},"loc":{"start":{"line":4,"column":37},"end":{"line":15,"column":3}},"line":4},"1":{"name":"(anonymous_1)","decl":{"start":{"line":17,"column":2},"end":{"line":17,"column":3}},"loc":{"start":{"line":17,"column":44},"end":{"line":47,"column":3}},"line":17},"2":{"name":"(anonymous_2)","decl":{"start":{"line":49,"column":2},"end":{"line":49,"column":3}},"loc":{"start":{"line":49,"column":44},"end":{"line":70,"column":3}},"line":49},"3":{"name":"(anonymous_3)","decl":{"start":{"line":72,"column":2},"end":{"line":72,"column":3}},"loc":{"start":{"line":72,"column":49},"end":{"line":91,"column":3}},"line":72}},"branchMap":{"0":{"loc":{"start":{"line":28,"column":6},"end":{"line":32,"column":7}},"type":"if","locations":[{"start":{"line":28,"column":6},"end":{"line":32,"column":7}},{"start":{},"end":{}}],"line":28},"1":{"loc":{"start":{"line":34,"column":6},"end":{"line":36,"column":7}},"type":"if","locations":[{"start":{"line":34,"column":6},"end":{"line":36,"column":7}},{"start":{},"end":{}}],"line":34},"2":{"loc":{"start":{"line":60,"column":6},"end":{"line":62,"column":7}},"type":"if","locations":[{"start":{"line":60,"column":6},"end":{"line":62,"column":7}},{"start":{},"end":{}}],"line":60},"3":{"loc":{"start":{"line":82,"column":6},"end":{"line":84,"column":7}},"type":"if","locations":[{"start":{"line":82,"column":6},"end":{"line":84,"column":7}},{"start":{},"end":{}}],"line":82}},"s":{"0":1,"1":1,"2":1,"3":1,"4":1,"5":0,"6":4,"7":4,"8":4,"9":3,"10":3,"11":1,"12":2,"13":1,"14":1,"15":1,"16":1,"17":2,"18":2,"19":2,"20":2,"21":2,"22":1,"23":1,"24":1,"25":0,"26":2,"27":2,"28":2,"29":2,"30":1,"31":1,"32":1,"33":0},"f":{"0":1,"1":4,"2":2,"3":2},"b":{"0":[1,2],"1":[1,1],"2":[1,1],"3":[1,1]},"_coverageSchema":"1a1c01bbd47fc00a2c39e90264f33305004495a9","hash":"1b8d713c65344f5b1204cff6661caebc197e750f"}
,"/Users/fredlymarvander/Documents/Hacktiv8/Phase 2/Week 3/IP-RMT63/server/controllers/movieController.js": {"path":"/Users/fredlymarvander/Documents/Hacktiv8/Phase 2/Week 3/IP-RMT63/server/controllers/movieController.js","statementMap":{"0":{"start":{"line":1,"column":28},"end":{"line":1,"column":54}},"1":{"start":{"line":2,"column":15},"end":{"line":2,"column":35}},"2":{"start":{"line":3,"column":19},"end":{"line":3,"column":47}},"3":{"start":{"line":5,"column":0},"end":{"line":80,"column":2}},"4":{"start":{"line":7,"column":4},"end":{"line":34,"column":5}},"5":{"start":{"line":8,"column":19},"end":{"line":8,"column":21}},"6":{"start":{"line":9,"column":37},"end":{"line":9,"column":46}},"7":{"start":{"line":10,"column":6},"end":{"line":16,"column":7}},"8":{"start":{"line":11,"column":8},"end":{"line":15,"column":10}},"9":{"start":{"line":17,"column":6},"end":{"line":21,"column":7}},"10":{"start":{"line":18,"column":8},"end":{"line":18,"column":46}},"11":{"start":{"line":20,"column":8},"end":{"line":20,"column":48}},"12":{"start":{"line":23,"column":6},"end":{"line":28,"column":7}},"13":{"start":{"line":24,"column":22},"end":{"line":24,"column":24}},"14":{"start":{"line":25,"column":23},"end":{"line":25,"column":41}},"15":{"start":{"line":26,"column":8},"end":{"line":26,"column":29}},"16":{"start":{"line":27,"column":8},"end":{"line":27,"column":31}},"17":{"start":{"line":30,"column":21},"end":{"line":30,"column":48}},"18":{"start":{"line":31,"column":6},"end":{"line":31,"column":35}},"19":{"start":{"line":33,"column":6},"end":{"line":33,"column":63}},"20":{"start":{"line":38,"column":4},"end":{"line":49,"column":5}},"21":{"start":{"line":39,"column":26},"end":{"line":39,"column":36}},"22":{"start":{"line":40,"column":20},"end":{"line":40,"column":72}},"23":{"start":{"line":42,"column":6},"end":{"line":44,"column":7}},"24":{"start":{"line":43,"column":8},"end":{"line":43,"column":68}},"25":{"start":{"line":46,"column":6},"end":{"line":46,"column":34}},"26":{"start":{"line":48,"column":6},"end":{"line":48,"column":65}},"27":{"start":{"line":53,"column":4},"end":{"line":78,"column":5}},"28":{"start":{"line":54,"column":31},"end":{"line":54,"column":39}},"29":{"start":{"line":55,"column":21},"end":{"line":55,"column":42}},"30":{"start":{"line":57,"column":21},"end":{"line":66,"column":7}},"31":{"start":{"line":62,"column":32},"end":{"line":62,"column":62}},"32":{"start":{"line":68,"column":30},"end":{"line":68,"column":50}},"33":{"start":{"line":69,"column":35},"end":{"line":69,"column":62}},"34":{"start":{"line":71,"column":32},"end":{"line":73,"column":7}},"35":{"start":{"line":72,"column":8},"end":{"line":72,"column":47}},"36":{"start":{"line":75,"column":6},"end":{"line":75,"column":46}},"37":{"start":{"line":77,"column":6},"end":{"line":77,"column":65}}},"fnMap":{"0":{"name":"(anonymous_0)","decl":{"start":{"line":6,"column":2},"end":{"line":6,"column":3}},"loc":{"start":{"line":6,"column":35},"end":{"line":35,"column":3}},"line":6},"1":{"name":"(anonymous_1)","decl":{"start":{"line":37,"column":2},"end":{"line":37,"column":3}},"loc":{"start":{"line":37,"column":41},"end":{"line":50,"column":3}},"line":37},"2":{"name":"(anonymous_2)","decl":{"start":{"line":52,"column":2},"end":{"line":52,"column":3}},"loc":{"start":{"line":52,"column":44},"end":{"line":79,"column":3}},"line":52},"3":{"name":"(anonymous_3)","decl":{"start":{"line":62,"column":21},"end":{"line":62,"column":22}},"loc":{"start":{"line":62,"column":32},"end":{"line":62,"column":62}},"line":62},"4":{"name":"(anonymous_4)","decl":{"start":{"line":71,"column":46},"end":{"line":71,"column":47}},"loc":{"start":{"line":72,"column":8},"end":{"line":72,"column":47}},"line":72}},"branchMap":{"0":{"loc":{"start":{"line":10,"column":6},"end":{"line":16,"column":7}},"type":"if","locations":[{"start":{"line":10,"column":6},"end":{"line":16,"column":7}},{"start":{},"end":{}}],"line":10},"1":{"loc":{"start":{"line":17,"column":6},"end":{"line":21,"column":7}},"type":"if","locations":[{"start":{"line":17,"column":6},"end":{"line":21,"column":7}},{"start":{"line":19,"column":13},"end":{"line":21,"column":7}}],"line":17},"2":{"loc":{"start":{"line":23,"column":6},"end":{"line":28,"column":7}},"type":"if","locations":[{"start":{"line":23,"column":6},"end":{"line":28,"column":7}},{"start":{},"end":{}}],"line":23},"3":{"loc":{"start":{"line":42,"column":6},"end":{"line":44,"column":7}},"type":"if","locations":[{"start":{"line":42,"column":6},"end":{"line":44,"column":7}},{"start":{},"end":{}}],"line":42}},"s":{"0":1,"1":1,"2":1,"3":1,"4":4,"5":4,"6":4,"7":4,"8":1,"9":4,"10":1,"11":3,"12":4,"13":1,"14":1,"15":1,"16":1,"17":4,"18":4,"19":0,"20":2,"21":2,"22":2,"23":2,"24":1,"25":1,"26":0,"27":1,"28":1,"29":1,"30":1,"31":100,"32":1,"33":0,"34":0,"35":0,"36":0,"37":1},"f":{"0":4,"1":2,"2":1,"3":100,"4":0},"b":{"0":[1,3],"1":[1,3],"2":[1,3],"3":[1,1]},"_coverageSchema":"1a1c01bbd47fc00a2c39e90264f33305004495a9","hash":"086d387f18927e2f658c9fd904f8b956c3c3b1f3"}
,"/Users/fredlymarvander/Documents/Hacktiv8/Phase 2/Week 3/IP-RMT63/server/controllers/userController.js": {"path":"/Users/fredlymarvander/Documents/Hacktiv8/Phase 2/Week 3/IP-RMT63/server/controllers/userController.js","statementMap":{"0":{"start":{"line":1,"column":25},"end":{"line":1,"column":55}},"1":{"start":{"line":2,"column":15},"end":{"line":2,"column":33}},"2":{"start":{"line":3,"column":17},"end":{"line":3,"column":43}},"3":{"start":{"line":4,"column":22},"end":{"line":4,"column":47}},"4":{"start":{"line":5,"column":28},"end":{"line":5,"column":56}},"5":{"start":{"line":7,"column":0},"end":{"line":117,"column":2}},"6":{"start":{"line":9,"column":4},"end":{"line":42,"column":5}},"7":{"start":{"line":10,"column":27},"end":{"line":10,"column":35}},"8":{"start":{"line":11,"column":6},"end":{"line":11,"column":44}},"9":{"start":{"line":12,"column":6},"end":{"line":12,"column":58}},"10":{"start":{"line":14,"column":6},"end":{"line":16,"column":7}},"11":{"start":{"line":15,"column":8},"end":{"line":15,"column":78}},"12":{"start":{"line":17,"column":21},"end":{"line":20,"column":8}},"13":{"start":{"line":22,"column":39},"end":{"line":22,"column":58}},"14":{"start":{"line":24,"column":17},"end":{"line":24,"column":57}},"15":{"start":{"line":25,"column":6},"end":{"line":32,"column":7}},"16":{"start":{"line":26,"column":8},"end":{"line":31,"column":11}},"17":{"start":{"line":34,"column":27},"end":{"line":34,"column":53}},"18":{"start":{"line":35,"column":6},"end":{"line":39,"column":9}},"19":{"start":{"line":41,"column":6},"end":{"line":41,"column":65}},"20":{"start":{"line":46,"column":4},"end":{"line":54,"column":5}},"21":{"start":{"line":47,"column":19},"end":{"line":49,"column":8}},"22":{"start":{"line":51,"column":6},"end":{"line":51,"column":33}},"23":{"start":{"line":53,"column":6},"end":{"line":53,"column":65}},"24":{"start":{"line":58,"column":4},"end":{"line":75,"column":5}},"25":{"start":{"line":59,"column":53},"end":{"line":59,"column":61}},"26":{"start":{"line":60,"column":19},"end":{"line":60,"column":76}},"27":{"start":{"line":62,"column":6},"end":{"line":65,"column":9}},"28":{"start":{"line":67,"column":6},"end":{"line":74,"column":7}},"29":{"start":{"line":71,"column":8},"end":{"line":71,"column":67}},"30":{"start":{"line":73,"column":8},"end":{"line":73,"column":67}},"31":{"start":{"line":79,"column":4},"end":{"line":107,"column":5}},"32":{"start":{"line":80,"column":34},"end":{"line":80,"column":42}},"33":{"start":{"line":82,"column":6},"end":{"line":84,"column":7}},"34":{"start":{"line":83,"column":8},"end":{"line":83,"column":70}},"35":{"start":{"line":86,"column":6},"end":{"line":88,"column":7}},"36":{"start":{"line":87,"column":8},"end":{"line":87,"column":73}},"37":{"start":{"line":90,"column":19},"end":{"line":90,"column":59}},"38":{"start":{"line":92,"column":6},"end":{"line":94,"column":7}},"39":{"start":{"line":93,"column":8},"end":{"line":93,"column":75}},"40":{"start":{"line":96,"column":30},"end":{"line":96,"column":70}},"41":{"start":{"line":97,"column":6},"end":{"line":99,"column":7}},"42":{"start":{"line":98,"column":8},"end":{"line":98,"column":75}},"43":{"start":{"line":101,"column":27},"end":{"line":101,"column":53}},"44":{"start":{"line":102,"column":6},"end":{"line":104,"column":9}},"45":{"start":{"line":106,"column":6},"end":{"line":106,"column":65}},"46":{"start":{"line":111,"column":4},"end":{"line":115,"column":5}},"47":{"start":{"line":112,"column":20},"end":{"line":112,"column":35}},"48":{"start":{"line":114,"column":6},"end":{"line":114,"column":65}}},"fnMap":{"0":{"name":"(anonymous_0)","decl":{"start":{"line":8,"column":2},"end":{"line":8,"column":3}},"loc":{"start":{"line":8,"column":37},"end":{"line":43,"column":3}},"line":8},"1":{"name":"(anonymous_1)","decl":{"start":{"line":45,"column":2},"end":{"line":45,"column":3}},"loc":{"start":{"line":45,"column":40},"end":{"line":55,"column":3}},"line":45},"2":{"name":"(anonymous_2)","decl":{"start":{"line":57,"column":2},"end":{"line":57,"column":3}},"loc":{"start":{"line":57,"column":34},"end":{"line":76,"column":3}},"line":57},"3":{"name":"(anonymous_3)","decl":{"start":{"line":78,"column":2},"end":{"line":78,"column":3}},"loc":{"start":{"line":78,"column":31},"end":{"line":108,"column":3}},"line":78},"4":{"name":"(anonymous_4)","decl":{"start":{"line":110,"column":2},"end":{"line":110,"column":3}},"loc":{"start":{"line":110,"column":37},"end":{"line":116,"column":3}},"line":110}},"branchMap":{"0":{"loc":{"start":{"line":14,"column":6},"end":{"line":16,"column":7}},"type":"if","locations":[{"start":{"line":14,"column":6},"end":{"line":16,"column":7}},{"start":{},"end":{}}],"line":14},"1":{"loc":{"start":{"line":25,"column":6},"end":{"line":32,"column":7}},"type":"if","locations":[{"start":{"line":25,"column":6},"end":{"line":32,"column":7}},{"start":{},"end":{}}],"line":25},"2":{"loc":{"start":{"line":67,"column":6},"end":{"line":74,"column":7}},"type":"if","locations":[{"start":{"line":67,"column":6},"end":{"line":74,"column":7}},{"start":{"line":72,"column":13},"end":{"line":74,"column":7}}],"line":67},"3":{"loc":{"start":{"line":68,"column":8},"end":{"line":69,"column":49}},"type":"binary-expr","locations":[{"start":{"line":68,"column":8},"end":{"line":68,"column":55}},{"start":{"line":69,"column":8},"end":{"line":69,"column":49}}],"line":68},"4":{"loc":{"start":{"line":82,"column":6},"end":{"line":84,"column":7}},"type":"if","locations":[{"start":{"line":82,"column":6},"end":{"line":84,"column":7}},{"start":{},"end":{}}],"line":82},"5":{"loc":{"start":{"line":86,"column":6},"end":{"line":88,"column":7}},"type":"if","locations":[{"start":{"line":86,"column":6},"end":{"line":88,"column":7}},{"start":{},"end":{}}],"line":86},"6":{"loc":{"start":{"line":92,"column":6},"end":{"line":94,"column":7}},"type":"if","locations":[{"start":{"line":92,"column":6},"end":{"line":94,"column":7}},{"start":{},"end":{}}],"line":92},"7":{"loc":{"start":{"line":97,"column":6},"end":{"line":99,"column":7}},"type":"if","locations":[{"start":{"line":97,"column":6},"end":{"line":99,"column":7}},{"start":{},"end":{}}],"line":97}},"s":{"0":1,"1":1,"2":1,"3":1,"4":1,"5":1,"6":2,"7":2,"8":2,"9":2,"10":2,"11":1,"12":1,"13":0,"14":0,"15":0,"16":0,"17":0,"18":0,"19":1,"20":1,"21":1,"22":1,"23":0,"24":4,"25":4,"26":4,"27":1,"28":3,"29":3,"30":0,"31":5,"32":5,"33":5,"34":1,"35":4,"36":1,"37":3,"38":3,"39":1,"40":2,"41":2,"42":1,"43":1,"44":1,"45":0,"46":0,"47":0,"48":0},"f":{"0":2,"1":1,"2":4,"3":5,"4":0},"b":{"0":[1,1],"1":[0,0],"2":[3,0],"3":[3,2],"4":[1,4],"5":[1,3],"6":[1,2],"7":[1,1]},"_coverageSchema":"1a1c01bbd47fc00a2c39e90264f33305004495a9","hash":"e5910278f25709eac4e44b25fb9aff32912d1cfb"}
,"/Users/fredlymarvander/Documents/Hacktiv8/Phase 2/Week 3/IP-RMT63/server/helpers/bcrypt.js": {"path":"/Users/fredlymarvander/Documents/Hacktiv8/Phase 2/Week 3/IP-RMT63/server/helpers/bcrypt.js","statementMap":{"0":{"start":{"line":1,"column":15},"end":{"line":1,"column":34}},"1":{"start":{"line":3,"column":21},"end":{"line":6,"column":1}},"2":{"start":{"line":4,"column":15},"end":{"line":4,"column":37}},"3":{"start":{"line":5,"column":2},"end":{"line":5,"column":41}},"4":{"start":{"line":8,"column":24},"end":{"line":10,"column":1}},"5":{"start":{"line":9,"column":2},"end":{"line":9,"column":54}},"6":{"start":{"line":12,"column":0},"end":{"line":15,"column":2}}},"fnMap":{"0":{"name":"(anonymous_0)","decl":{"start":{"line":3,"column":21},"end":{"line":3,"column":22}},"loc":{"start":{"line":3,"column":35},"end":{"line":6,"column":1}},"line":3},"1":{"name":"(anonymous_1)","decl":{"start":{"line":8,"column":24},"end":{"line":8,"column":25}},"loc":{"start":{"line":8,"column":54},"end":{"line":10,"column":1}},"line":8}},"branchMap":{},"s":{"0":1,"1":1,"2":3,"3":3,"4":1,"5":2,"6":1},"f":{"0":3,"1":2},"b":{},"_coverageSchema":"1a1c01bbd47fc00a2c39e90264f33305004495a9","hash":"62d5db017a865680c4b82926ff985732957bd865"}
,"/Users/fredlymarvander/Documents/Hacktiv8/Phase 2/Week 3/IP-RMT63/server/helpers/jwt.js": {"path":"/Users/fredlymarvander/Documents/Hacktiv8/Phase 2/Week 3/IP-RMT63/server/helpers/jwt.js","statementMap":{"0":{"start":{"line":1,"column":12},"end":{"line":1,"column":35}},"1":{"start":{"line":2,"column":19},"end":{"line":2,"column":41}},"2":{"start":{"line":4,"column":18},"end":{"line":6,"column":1}},"3":{"start":{"line":5,"column":2},"end":{"line":5,"column":34}},"4":{"start":{"line":8,"column":20},"end":{"line":10,"column":1}},"5":{"start":{"line":9,"column":2},"end":{"line":9,"column":36}},"6":{"start":{"line":12,"column":0},"end":{"line":15,"column":2}}},"fnMap":{"0":{"name":"(anonymous_0)","decl":{"start":{"line":4,"column":18},"end":{"line":4,"column":19}},"loc":{"start":{"line":4,"column":26},"end":{"line":6,"column":1}},"line":4},"1":{"name":"(anonymous_1)","decl":{"start":{"line":8,"column":20},"end":{"line":8,"column":21}},"loc":{"start":{"line":8,"column":28},"end":{"line":10,"column":1}},"line":8}},"branchMap":{},"s":{"0":1,"1":1,"2":1,"3":2,"4":1,"5":23,"6":1},"f":{"0":2,"1":23},"b":{},"_coverageSchema":"1a1c01bbd47fc00a2c39e90264f33305004495a9","hash":"45db8e1fd4f9de4a0a9e91b52a3943ba8555a7b4"}
,"/Users/fredlymarvander/Documents/Hacktiv8/Phase 2/Week 3/IP-RMT63/server/middlewares/authentication.js": {"path":"/Users/fredlymarvander/Documents/Hacktiv8/Phase 2/Week 3/IP-RMT63/server/middlewares/authentication.js","statementMap":{"0":{"start":{"line":1,"column":24},"end":{"line":1,"column":49}},"1":{"start":{"line":2,"column":17},"end":{"line":2,"column":43}},"2":{"start":{"line":4,"column":0},"end":{"line":26,"column":2}},"3":{"start":{"line":5,"column":16},"end":{"line":5,"column":41}},"4":{"start":{"line":6,"column":2},"end":{"line":8,"column":3}},"5":{"start":{"line":7,"column":4},"end":{"line":7,"column":62}},"6":{"start":{"line":10,"column":2},"end":{"line":25,"column":3}},"7":{"start":{"line":11,"column":22},"end":{"line":11,"column":41}},"8":{"start":{"line":12,"column":19},"end":{"line":12,"column":41}},"9":{"start":{"line":13,"column":17},"end":{"line":13,"column":47}},"10":{"start":{"line":14,"column":4},"end":{"line":16,"column":5}},"11":{"start":{"line":15,"column":6},"end":{"line":15,"column":64}},"12":{"start":{"line":17,"column":4},"end":{"line":17,"column":20}},"13":{"start":{"line":18,"column":4},"end":{"line":18,"column":11}},"14":{"start":{"line":20,"column":4},"end":{"line":24,"column":5}},"15":{"start":{"line":21,"column":6},"end":{"line":21,"column":64}},"16":{"start":{"line":23,"column":6},"end":{"line":23,"column":72}}},"fnMap":{"0":{"name":"authentication","decl":{"start":{"line":4,"column":32},"end":{"line":4,"column":46}},"loc":{"start":{"line":4,"column":63},"end":{"line":26,"column":1}},"line":4}},"branchMap":{"0":{"loc":{"start":{"line":6,"column":2},"end":{"line":8,"column":3}},"type":"if","locations":[{"start":{"line":6,"column":2},"end":{"line":8,"column":3}},{"start":{},"end":{}}],"line":6},"1":{"loc":{"start":{"line":14,"column":4},"end":{"line":16,"column":5}},"type":"if","locations":[{"start":{"line":14,"column":4},"end":{"line":16,"column":5}},{"start":{},"end":{}}],"line":14},"2":{"loc":{"start":{"line":20,"column":4},"end":{"line":24,"column":5}},"type":"if","locations":[{"start":{"line":20,"column":4},"end":{"line":24,"column":5}},{"start":{"line":22,"column":11},"end":{"line":24,"column":5}}],"line":20}},"s":{"0":1,"1":1,"2":1,"3":29,"4":29,"5":6,"6":23,"7":23,"8":23,"9":17,"10":17,"11":0,"12":17,"13":17,"14":6,"15":6,"16":0},"f":{"0":29},"b":{"0":[6,23],"1":[0,17],"2":[6,0]},"_coverageSchema":"1a1c01bbd47fc00a2c39e90264f33305004495a9","hash":"fff58d100b197e3a959cb689985dec739f20b929"}
,"/Users/fredlymarvander/Documents/Hacktiv8/Phase 2/Week 3/IP-RMT63/server/models/favorite.js": {"path":"/Users/fredlymarvander/Documents/Hacktiv8/Phase 2/Week 3/IP-RMT63/server/models/favorite.js","statementMap":{"0":{"start":{"line":2,"column":18},"end":{"line":2,"column":38}},"1":{"start":{"line":3,"column":0},"end":{"line":31,"column":2}},"2":{"start":{"line":12,"column":6},"end":{"line":12,"column":64}},"3":{"start":{"line":13,"column":6},"end":{"line":13,"column":66}},"4":{"start":{"line":16,"column":2},"end":{"line":29,"column":4}},"5":{"start":{"line":30,"column":2},"end":{"line":30,"column":18}}},"fnMap":{"0":{"name":"(anonymous_0)","decl":{"start":{"line":3,"column":17},"end":{"line":3,"column":18}},"loc":{"start":{"line":3,"column":43},"end":{"line":31,"column":1}},"line":3},"1":{"name":"(anonymous_1)","decl":{"start":{"line":10,"column":4},"end":{"line":10,"column":5}},"loc":{"start":{"line":10,"column":29},"end":{"line":14,"column":5}},"line":10}},"branchMap":{},"s":{"0":1,"1":1,"2":1,"3":1,"4":1,"5":1},"f":{"0":1,"1":1},"b":{},"_coverageSchema":"1a1c01bbd47fc00a2c39e90264f33305004495a9","hash":"dd60c6df2c08252eb5be34672f97eb41cf88054d"}
,"/Users/fredlymarvander/Documents/Hacktiv8/Phase 2/Week 3/IP-RMT63/server/models/index.js": {"path":"/Users/fredlymarvander/Documents/Hacktiv8/Phase 2/Week 3/IP-RMT63/server/models/index.js","statementMap":{"0":{"start":{"line":3,"column":11},"end":{"line":3,"column":24}},"1":{"start":{"line":4,"column":13},"end":{"line":4,"column":28}},"2":{"start":{"line":5,"column":18},"end":{"line":5,"column":38}},"3":{"start":{"line":6,"column":16},"end":{"line":6,"column":34}},"4":{"start":{"line":7,"column":17},"end":{"line":7,"column":42}},"5":{"start":{"line":8,"column":12},"end":{"line":8,"column":49}},"6":{"start":{"line":9,"column":15},"end":{"line":9,"column":65}},"7":{"start":{"line":10,"column":11},"end":{"line":10,"column":13}},"8":{"start":{"line":13,"column":0},"end":{"line":17,"column":1}},"9":{"start":{"line":14,"column":2},"end":{"line":14,"column":74}},"10":{"start":{"line":16,"column":2},"end":{"line":16,"column":87}},"11":{"start":{"line":19,"column":0},"end":{"line":32,"column":5}},"12":{"start":{"line":22,"column":4},"end":{"line":27,"column":6}},"13":{"start":{"line":30,"column":18},"end":{"line":30,"column":85}},"14":{"start":{"line":31,"column":4},"end":{"line":31,"column":27}},"15":{"start":{"line":34,"column":0},"end":{"line":38,"column":3}},"16":{"start":{"line":35,"column":2},"end":{"line":37,"column":3}},"17":{"start":{"line":36,"column":4},"end":{"line":36,"column":32}},"18":{"start":{"line":40,"column":0},"end":{"line":40,"column":25}},"19":{"start":{"line":41,"column":0},"end":{"line":41,"column":25}},"20":{"start":{"line":43,"column":0},"end":{"line":43,"column":20}}},"fnMap":{"0":{"name":"(anonymous_0)","decl":{"start":{"line":21,"column":10},"end":{"line":21,"column":11}},"loc":{"start":{"line":21,"column":18},"end":{"line":28,"column":3}},"line":21},"1":{"name":"(anonymous_1)","decl":{"start":{"line":29,"column":11},"end":{"line":29,"column":12}},"loc":{"start":{"line":29,"column":19},"end":{"line":32,"column":3}},"line":29},"2":{"name":"(anonymous_2)","decl":{"start":{"line":34,"column":24},"end":{"line":34,"column":25}},"loc":{"start":{"line":34,"column":37},"end":{"line":38,"column":1}},"line":34}},"branchMap":{"0":{"loc":{"start":{"line":8,"column":12},"end":{"line":8,"column":49}},"type":"binary-expr","locations":[{"start":{"line":8,"column":12},"end":{"line":8,"column":32}},{"start":{"line":8,"column":36},"end":{"line":8,"column":49}}],"line":8},"1":{"loc":{"start":{"line":13,"column":0},"end":{"line":17,"column":1}},"type":"if","locations":[{"start":{"line":13,"column":0},"end":{"line":17,"column":1}},{"start":{"line":15,"column":7},"end":{"line":17,"column":1}}],"line":13},"2":{"loc":{"start":{"line":23,"column":6},"end":{"line":26,"column":37}},"type":"binary-expr","locations":[{"start":{"line":23,"column":6},"end":{"line":23,"column":29}},{"start":{"line":24,"column":6},"end":{"line":24,"column":23}},{"start":{"line":25,"column":6},"end":{"line":25,"column":30}},{"start":{"line":26,"column":6},"end":{"line":26,"column":37}}],"line":23},"3":{"loc":{"start":{"line":35,"column":2},"end":{"line":37,"column":3}},"type":"if","locations":[{"start":{"line":35,"column":2},"end":{"line":37,"column":3}},{"start":{},"end":{}}],"line":35}},"s":{"0":1,"1":1,"2":1,"3":1,"4":1,"5":1,"6":1,"7":1,"8":1,"9":0,"10":1,"11":1,"12":4,"13":3,"14":3,"15":1,"16":3,"17":3,"18":1,"19":1,"20":1},"f":{"0":4,"1":3,"2":3},"b":{"0":[1,0],"1":[0,1],"2":[4,4,3,3],"3":[3,0]},"_coverageSchema":"1a1c01bbd47fc00a2c39e90264f33305004495a9","hash":"5772eb2543c58ed757cb6f84eb5699c5c5677fa7"}
,"/Users/fredlymarvander/Documents/Hacktiv8/Phase 2/Week 3/IP-RMT63/server/models/movie.js": {"path":"/Users/fredlymarvander/Documents/Hacktiv8/Phase 2/Week 3/IP-RMT63/server/models/movie.js","statementMap":{"0":{"start":{"line":2,"column":18},"end":{"line":2,"column":38}},"1":{"start":{"line":3,"column":14},"end":{"line":3,"column":30}},"2":{"start":{"line":4,"column":25},"end":{"line":4,"column":53}},"3":{"start":{"line":5,"column":0},"end":{"line":5,"column":27}},"4":{"start":{"line":6,"column":0},"end":{"line":32,"column":2}},"5":{"start":{"line":15,"column":6},"end":{"line":15,"column":37}},"6":{"start":{"line":18,"column":2},"end":{"line":30,"column":4}},"7":{"start":{"line":31,"column":2},"end":{"line":31,"column":15}}},"fnMap":{"0":{"name":"(anonymous_0)","decl":{"start":{"line":6,"column":17},"end":{"line":6,"column":18}},"loc":{"start":{"line":6,"column":43},"end":{"line":32,"column":1}},"line":6},"1":{"name":"(anonymous_1)","decl":{"start":{"line":13,"column":4},"end":{"line":13,"column":5}},"loc":{"start":{"line":13,"column":29},"end":{"line":16,"column":5}},"line":13}},"branchMap":{},"s":{"0":1,"1":1,"2":1,"3":1,"4":1,"5":1,"6":1,"7":1},"f":{"0":1,"1":1},"b":{},"_coverageSchema":"1a1c01bbd47fc00a2c39e90264f33305004495a9","hash":"fd838ceb37444f588c88f2927db5671ca6db3204"}
,"/Users/fredlymarvander/Documents/Hacktiv8/Phase 2/Week 3/IP-RMT63/server/models/user.js": {"path":"/Users/fredlymarvander/Documents/Hacktiv8/Phase 2/Week 3/IP-RMT63/server/models/user.js","statementMap":{"0":{"start":{"line":2,"column":18},"end":{"line":2,"column":38}},"1":{"start":{"line":3,"column":25},"end":{"line":3,"column":53}},"2":{"start":{"line":4,"column":0},"end":{"line":83,"column":2}},"3":{"start":{"line":15,"column":2},"end":{"line":81,"column":4}},"4":{"start":{"line":75,"column":10},"end":{"line":75,"column":54}},"5":{"start":{"line":82,"column":2},"end":{"line":82,"column":14}}},"fnMap":{"0":{"name":"(anonymous_0)","decl":{"start":{"line":4,"column":17},"end":{"line":4,"column":18}},"loc":{"start":{"line":4,"column":43},"end":{"line":83,"column":1}},"line":4},"1":{"name":"(anonymous_1)","decl":{"start":{"line":11,"column":4},"end":{"line":11,"column":5}},"loc":{"start":{"line":11,"column":29},"end":{"line":13,"column":5}},"line":11},"2":{"name":"(anonymous_2)","decl":{"start":{"line":74,"column":8},"end":{"line":74,"column":9}},"loc":{"start":{"line":74,"column":27},"end":{"line":76,"column":9}},"line":74}},"branchMap":{},"s":{"0":1,"1":1,"2":1,"3":1,"4":2,"5":1},"f":{"0":1,"1":1,"2":2},"b":{},"_coverageSchema":"1a1c01bbd47fc00a2c39e90264f33305004495a9","hash":"7f333265081b6df2c14a755dd7343a0a950f8658"}
}
