TN:
SF:app.js
FN:8,(anonymous_0)
FN:9,(anonymous_1)
FN:28,(anonymous_2)
FN:45,(anonymous_3)
FN:48,(anonymous_4)
FN:54,(anonymous_5)
FN:63,(anonymous_6)
FN:66,(anonymous_7)
FNF:8
FNH:0
FNDA:0,(anonymous_0)
FNDA:0,(anonymous_1)
FNDA:0,(anonymous_2)
FNDA:0,(anonymous_3)
FNDA:0,(anonymous_4)
FNDA:0,(anonymous_5)
FNDA:0,(anonymous_6)
FNDA:0,(anonymous_7)
DA:1,1
DA:2,1
DA:4,1
DA:6,1
DA:7,1
DA:8,1
DA:9,0
DA:10,1
DA:11,1
DA:12,1
DA:13,1
DA:14,1
DA:16,1
DA:18,1
DA:19,1
DA:20,1
DA:21,1
DA:23,1
DA:24,1
DA:26,1
DA:28,1
DA:29,0
DA:32,0
DA:39,0
DA:46,0
DA:49,0
DA:50,0
DA:54,1
DA:55,0
DA:56,0
DA:64,0
DA:67,0
DA:68,0
DA:72,1
DA:74,1
DA:75,1
DA:76,1
DA:77,1
DA:78,1
DA:79,1
DA:80,1
DA:81,1
DA:83,1
LF:43
LH:31
BRDA:1,0,0,1
BRDA:1,0,1,0
BRF:2
BRH:1
end_of_record
TN:
SF:controllers/favoriteController.js
FN:4,(anonymous_0)
FN:17,(anonymous_1)
FN:49,(anonymous_2)
FN:72,(anonymous_3)
FNF:4
FNH:4
FNDA:1,(anonymous_0)
FNDA:4,(anonymous_1)
FNDA:2,(anonymous_2)
FNDA:2,(anonymous_3)
DA:1,1
DA:3,1
DA:5,1
DA:6,1
DA:11,1
DA:13,0
DA:18,4
DA:19,4
DA:20,4
DA:21,3
DA:28,3
DA:29,1
DA:34,2
DA:35,1
DA:38,1
DA:43,1
DA:45,1
DA:50,2
DA:51,2
DA:52,2
DA:53,2
DA:60,2
DA:61,1
DA:64,1
DA:66,1
DA:68,0
DA:73,2
DA:74,2
DA:75,2
DA:82,2
DA:83,1
DA:86,1
DA:87,1
DA:89,0
LF:34
LH:31
BRDA:28,0,0,1
BRDA:28,0,1,2
BRDA:34,1,0,1
BRDA:34,1,1,1
BRDA:60,2,0,1
BRDA:60,2,1,1
BRDA:82,3,0,1
BRDA:82,3,1,1
BRF:8
BRH:8
end_of_record
TN:
SF:controllers/movieController.js
FN:6,(anonymous_0)
FN:37,(anonymous_1)
FN:52,(anonymous_2)
FN:62,(anonymous_3)
FN:71,(anonymous_4)
FNF:5
FNH:4
FNDA:4,(anonymous_0)
FNDA:2,(anonymous_1)
FNDA:1,(anonymous_2)
FNDA:100,(anonymous_3)
FNDA:0,(anonymous_4)
DA:1,1
DA:2,1
DA:3,1
DA:5,1
DA:7,4
DA:8,4
DA:9,4
DA:10,4
DA:11,1
DA:17,4
DA:18,1
DA:20,3
DA:23,4
DA:24,1
DA:25,1
DA:26,1
DA:27,1
DA:30,4
DA:31,4
DA:33,0
DA:38,2
DA:39,2
DA:40,2
DA:42,2
DA:43,1
DA:46,1
DA:48,0
DA:53,1
DA:54,1
DA:55,1
DA:57,1
DA:62,100
DA:68,1
DA:69,0
DA:71,0
DA:72,0
DA:75,0
DA:77,1
LF:38
LH:32
BRDA:10,0,0,1
BRDA:10,0,1,3
BRDA:17,1,0,1
BRDA:17,1,1,3
BRDA:23,2,0,1
BRDA:23,2,1,3
BRDA:42,3,0,1
BRDA:42,3,1,1
BRF:8
BRH:8
end_of_record
TN:
SF:controllers/userController.js
FN:8,(anonymous_0)
FN:45,(anonymous_1)
FN:57,(anonymous_2)
FN:78,(anonymous_3)
FN:110,(anonymous_4)
FNF:5
FNH:4
FNDA:2,(anonymous_0)
FNDA:1,(anonymous_1)
FNDA:4,(anonymous_2)
FNDA:5,(anonymous_3)
FNDA:0,(anonymous_4)
DA:1,1
DA:2,1
DA:3,1
DA:4,1
DA:5,1
DA:7,1
DA:9,2
DA:10,2
DA:11,2
DA:12,2
DA:14,2
DA:15,1
DA:17,1
DA:22,0
DA:24,0
DA:25,0
DA:26,0
DA:34,0
DA:35,0
DA:41,1
DA:46,1
DA:47,1
DA:51,1
DA:53,0
DA:58,4
DA:59,4
DA:60,4
DA:62,1
DA:67,3
DA:71,3
DA:73,0
DA:79,5
DA:80,5
DA:82,5
DA:83,1
DA:86,4
DA:87,1
DA:90,3
DA:92,3
DA:93,1
DA:96,2
DA:97,2
DA:98,1
DA:101,1
DA:102,1
DA:106,0
DA:111,0
DA:112,0
DA:114,0
LF:49
LH:37
BRDA:14,0,0,1
BRDA:14,0,1,1
BRDA:25,1,0,0
BRDA:25,1,1,0
BRDA:67,2,0,3
BRDA:67,2,1,0
BRDA:68,3,0,3
BRDA:68,3,1,2
BRDA:82,4,0,1
BRDA:82,4,1,4
BRDA:86,5,0,1
BRDA:86,5,1,3
BRDA:92,6,0,1
BRDA:92,6,1,2
BRDA:97,7,0,1
BRDA:97,7,1,1
BRF:16
BRH:13
end_of_record
TN:
SF:helpers/bcrypt.js
FN:3,(anonymous_0)
FN:8,(anonymous_1)
FNF:2
FNH:2
FNDA:3,(anonymous_0)
FNDA:2,(anonymous_1)
DA:1,1
DA:3,1
DA:4,3
DA:5,3
DA:8,1
DA:9,2
DA:12,1
LF:7
LH:7
BRF:0
BRH:0
end_of_record
TN:
SF:helpers/jwt.js
FN:4,(anonymous_0)
FN:8,(anonymous_1)
FNF:2
FNH:2
FNDA:2,(anonymous_0)
FNDA:23,(anonymous_1)
DA:1,1
DA:2,1
DA:4,1
DA:5,2
DA:8,1
DA:9,23
DA:12,1
LF:7
LH:7
BRF:0
BRH:0
end_of_record
TN:
SF:middlewares/authentication.js
FN:4,authentication
FNF:1
FNH:1
FNDA:29,authentication
DA:1,1
DA:2,1
DA:4,1
DA:5,29
DA:6,29
DA:7,6
DA:10,23
DA:11,23
DA:12,23
DA:13,17
DA:14,17
DA:15,0
DA:17,17
DA:18,17
DA:20,6
DA:21,6
DA:23,0
LF:17
LH:15
BRDA:6,0,0,6
BRDA:6,0,1,23
BRDA:14,1,0,0
BRDA:14,1,1,17
BRDA:20,2,0,6
BRDA:20,2,1,0
BRF:6
BRH:4
end_of_record
TN:
SF:models/favorite.js
FN:3,(anonymous_0)
FN:10,(anonymous_1)
FNF:2
FNH:2
FNDA:1,(anonymous_0)
FNDA:1,(anonymous_1)
DA:2,1
DA:3,1
DA:12,1
DA:13,1
DA:16,1
DA:30,1
LF:6
LH:6
BRF:0
BRH:0
end_of_record
TN:
SF:models/index.js
FN:21,(anonymous_0)
FN:29,(anonymous_1)
FN:34,(anonymous_2)
FNF:3
FNH:3
FNDA:4,(anonymous_0)
FNDA:3,(anonymous_1)
FNDA:3,(anonymous_2)
DA:3,1
DA:4,1
DA:5,1
DA:6,1
DA:7,1
DA:8,1
DA:9,1
DA:10,1
DA:13,1
DA:14,0
DA:16,1
DA:19,1
DA:22,4
DA:30,3
DA:31,3
DA:34,1
DA:35,3
DA:36,3
DA:40,1
DA:41,1
DA:43,1
LF:21
LH:20
BRDA:8,0,0,1
BRDA:8,0,1,0
BRDA:13,1,0,0
BRDA:13,1,1,1
BRDA:23,2,0,4
BRDA:23,2,1,4
BRDA:23,2,2,3
BRDA:23,2,3,3
BRDA:35,3,0,3
BRDA:35,3,1,0
BRF:10
BRH:7
end_of_record
TN:
SF:models/movie.js
FN:6,(anonymous_0)
FN:13,(anonymous_1)
FNF:2
FNH:2
FNDA:1,(anonymous_0)
FNDA:1,(anonymous_1)
DA:2,1
DA:3,1
DA:4,1
DA:5,1
DA:6,1
DA:15,1
DA:18,1
DA:31,1
LF:8
LH:8
BRF:0
BRH:0
end_of_record
TN:
SF:models/user.js
FN:4,(anonymous_0)
FN:11,(anonymous_1)
FN:74,(anonymous_2)
FNF:3
FNH:3
FNDA:1,(anonymous_0)
FNDA:1,(anonymous_1)
FNDA:2,(anonymous_2)
DA:2,1
DA:3,1
DA:4,1
DA:15,1
DA:75,2
DA:82,1
LF:6
LH:6
BRF:0
BRH:0
end_of_record
