TN:
SF:app.js
FNF:0
FNH:0
DA:1,1
DA:2,1
DA:3,1
DA:4,1
DA:5,1
DA:6,1
DA:7,1
DA:9,1
DA:11,1
DA:12,1
DA:13,1
DA:15,1
DA:16,1
DA:18,1
DA:20,1
DA:22,1
DA:23,1
DA:24,1
DA:25,1
DA:26,1
DA:27,1
DA:28,1
DA:30,1
LF:23
LH:23
BRF:0
BRH:0
end_of_record
TN:
SF:controllers/favoriteController.js
FN:4,(anonymous_0)
FN:17,(anonymous_1)
FN:47,(anonymous_2)
FN:70,(anonymous_3)
FNF:4
FNH:4
FNDA:1,(anonymous_0)
FNDA:4,(anonymous_1)
FNDA:2,(anonymous_2)
FNDA:2,(anonymous_3)
DA:1,1
DA:3,1
DA:5,1
DA:6,1
DA:11,1
DA:13,0
DA:18,4
DA:19,4
DA:20,4
DA:21,3
DA:28,3
DA:29,1
DA:32,2
DA:33,1
DA:36,1
DA:41,1
DA:43,1
DA:48,2
DA:49,2
DA:50,2
DA:51,2
DA:58,2
DA:59,1
DA:62,1
DA:64,1
DA:66,0
DA:71,2
DA:72,2
DA:73,2
DA:80,2
DA:81,1
DA:84,1
DA:85,1
DA:87,0
LF:34
LH:31
BRDA:28,0,0,1
BRDA:28,0,1,2
BRDA:32,1,0,1
BRDA:32,1,1,1
BRDA:58,2,0,1
BRDA:58,2,1,1
BRDA:80,3,0,1
BRDA:80,3,1,1
BRF:8
BRH:8
end_of_record
TN:
SF:controllers/movieController.js
FN:5,(anonymous_0)
FN:36,(anonymous_1)
FNF:2
FNH:2
FNDA:4,(anonymous_0)
FNDA:2,(anonymous_1)
DA:1,1
DA:2,1
DA:4,1
DA:6,4
DA:7,4
DA:8,4
DA:9,4
DA:10,1
DA:16,4
DA:17,1
DA:19,3
DA:22,4
DA:23,1
DA:24,1
DA:25,1
DA:26,1
DA:29,4
DA:30,4
DA:32,0
DA:37,2
DA:38,2
DA:39,2
DA:41,2
DA:42,1
DA:45,1
DA:47,0
LF:26
LH:24
BRDA:9,0,0,1
BRDA:9,0,1,3
BRDA:16,1,0,1
BRDA:16,1,1,3
BRDA:22,2,0,1
BRDA:22,2,1,3
BRDA:41,3,0,1
BRDA:41,3,1,1
BRF:8
BRH:8
end_of_record
TN:
SF:controllers/userController.js
FN:11,(anonymous_0)
FN:48,(anonymous_1)
FN:60,(anonymous_2)
FN:81,(anonymous_3)
FNF:4
FNH:4
FNDA:2,(anonymous_0)
FNDA:1,(anonymous_1)
FNDA:4,(anonymous_2)
FNDA:5,(anonymous_3)
DA:2,1
DA:4,1
DA:5,1
DA:6,1
DA:7,1
DA:8,1
DA:10,1
DA:12,2
DA:13,2
DA:14,2
DA:15,2
DA:17,2
DA:18,1
DA:20,1
DA:25,0
DA:27,0
DA:28,0
DA:29,0
DA:37,0
DA:38,0
DA:44,1
DA:49,1
DA:50,1
DA:54,1
DA:56,0
DA:61,4
DA:62,4
DA:63,4
DA:65,1
DA:70,3
DA:74,3
DA:76,0
DA:82,5
DA:83,5
DA:85,5
DA:86,1
DA:89,4
DA:90,1
DA:93,3
DA:95,3
DA:96,1
DA:99,2
DA:100,2
DA:101,1
DA:104,1
DA:105,1
DA:109,0
LF:47
LH:38
BRDA:17,0,0,1
BRDA:17,0,1,1
BRDA:28,1,0,0
BRDA:28,1,1,0
BRDA:70,2,0,3
BRDA:70,2,1,0
BRDA:71,3,0,3
BRDA:71,3,1,2
BRDA:85,4,0,1
BRDA:85,4,1,4
BRDA:89,5,0,1
BRDA:89,5,1,3
BRDA:95,6,0,1
BRDA:95,6,1,2
BRDA:100,7,0,1
BRDA:100,7,1,1
BRF:16
BRH:13
end_of_record
TN:
SF:helpers/bcrypt.js
FN:3,(anonymous_0)
FN:8,(anonymous_1)
FNF:2
FNH:2
FNDA:3,(anonymous_0)
FNDA:2,(anonymous_1)
DA:1,1
DA:3,1
DA:4,3
DA:5,3
DA:8,1
DA:9,2
DA:12,1
LF:7
LH:7
BRF:0
BRH:0
end_of_record
TN:
SF:helpers/jwt.js
FN:4,(anonymous_0)
FN:8,(anonymous_1)
FNF:2
FNH:2
FNDA:2,(anonymous_0)
FNDA:21,(anonymous_1)
DA:1,1
DA:2,1
DA:4,1
DA:5,2
DA:8,1
DA:9,21
DA:12,1
LF:7
LH:7
BRF:0
BRH:0
end_of_record
TN:
SF:middlewares/authentication.js
FN:4,authentication
FNF:1
FNH:1
FNDA:26,authentication
DA:1,1
DA:2,1
DA:4,1
DA:5,26
DA:6,26
DA:7,5
DA:10,21
DA:11,21
DA:12,21
DA:13,16
DA:14,16
DA:15,0
DA:17,16
DA:18,16
DA:20,5
DA:21,5
DA:23,0
LF:17
LH:15
BRDA:6,0,0,5
BRDA:6,0,1,21
BRDA:14,1,0,0
BRDA:14,1,1,16
BRDA:20,2,0,5
BRDA:20,2,1,0
BRF:6
BRH:4
end_of_record
TN:
SF:models/favorite.js
FN:3,(anonymous_0)
FN:10,(anonymous_1)
FNF:2
FNH:2
FNDA:1,(anonymous_0)
FNDA:1,(anonymous_1)
DA:2,1
DA:3,1
DA:12,1
DA:13,1
DA:16,1
DA:30,1
LF:6
LH:6
BRF:0
BRH:0
end_of_record
TN:
SF:models/index.js
FN:21,(anonymous_0)
FN:29,(anonymous_1)
FN:34,(anonymous_2)
FNF:3
FNH:3
FNDA:4,(anonymous_0)
FNDA:3,(anonymous_1)
FNDA:3,(anonymous_2)
DA:3,1
DA:4,1
DA:5,1
DA:6,1
DA:7,1
DA:8,1
DA:9,1
DA:10,1
DA:13,1
DA:14,0
DA:16,1
DA:19,1
DA:22,4
DA:30,3
DA:31,3
DA:34,1
DA:35,3
DA:36,3
DA:40,1
DA:41,1
DA:43,1
LF:21
LH:20
BRDA:8,0,0,1
BRDA:8,0,1,0
BRDA:13,1,0,0
BRDA:13,1,1,1
BRDA:23,2,0,4
BRDA:23,2,1,4
BRDA:23,2,2,3
BRDA:23,2,3,3
BRDA:35,3,0,3
BRDA:35,3,1,0
BRF:10
BRH:7
end_of_record
TN:
SF:models/movie.js
FN:6,(anonymous_0)
FN:13,(anonymous_1)
FNF:2
FNH:2
FNDA:1,(anonymous_0)
FNDA:1,(anonymous_1)
DA:2,1
DA:3,1
DA:4,1
DA:5,1
DA:6,1
DA:17,1
DA:30,1
LF:7
LH:7
BRF:0
BRH:0
end_of_record
TN:
SF:models/user.js
FN:4,(anonymous_0)
FN:11,(anonymous_1)
FN:74,(anonymous_2)
FNF:3
FNH:3
FNDA:1,(anonymous_0)
FNDA:1,(anonymous_1)
FNDA:2,(anonymous_2)
DA:2,1
DA:3,1
DA:4,1
DA:15,1
DA:75,2
DA:82,1
LF:6
LH:6
BRF:0
BRH:0
end_of_record
